2023-03-20 23:49:29,457:WARNING:No module named 'cuml'.
'cuml' is a soft dependency and not included in the pycaret installation. Please run: `pip install cuml` to install.
2023-03-20 23:49:29,461:WARNING:No module named 'cuml'.
'cuml' is a soft dependency and not included in the pycaret installation. Please run: `pip install cuml` to install.
2023-03-20 23:49:29,470:WARNING:No module named 'cuml'.
'cuml' is a soft dependency and not included in the pycaret installation. Please run: `pip install cuml` to install.
2023-03-20 23:49:29,474:WARNING:No module named 'cuml'.
'cuml' is a soft dependency and not included in the pycaret installation. Please run: `pip install cuml` to install.
2023-03-20 23:49:46,962:INFO:Initializing load_model()
2023-03-20 23:49:46,968:INFO:load_model(model_name=model/model-covid, platform=None, authentication=None, verbose=True)
2023-03-20 23:51:07,185:WARNING:No module named 'cuml'.
'cuml' is a soft dependency and not included in the pycaret installation. Please run: `pip install cuml` to install.
2023-03-20 23:51:07,189:WARNING:No module named 'cuml'.
'cuml' is a soft dependency and not included in the pycaret installation. Please run: `pip install cuml` to install.
2023-03-20 23:51:07,192:WARNING:No module named 'cuml'.
'cuml' is a soft dependency and not included in the pycaret installation. Please run: `pip install cuml` to install.
2023-03-20 23:51:07,196:WARNING:No module named 'cuml'.
'cuml' is a soft dependency and not included in the pycaret installation. Please run: `pip install cuml` to install.
2023-03-20 23:51:24,219:INFO:Initializing load_model()
2023-03-20 23:51:24,220:INFO:load_model(model_name=model/model-covid, platform=None, authentication=None, verbose=True)
2023-03-21 00:14:33,088:INFO:Initializing load_model()
2023-03-21 00:14:33,089:INFO:load_model(model_name=model/model-covid, platform=None, authentication=None, verbose=True)
2023-03-21 10:07:19,235:INFO:Initializing load_model()
2023-03-21 10:07:19,236:INFO:load_model(model_name=model/model-covid, platform=None, authentication=None, verbose=True)
2023-03-21 10:15:59,976:INFO:Initializing load_model()
2023-03-21 10:15:59,978:INFO:load_model(model_name=model/model-covid, platform=None, authentication=None, verbose=True)
2023-03-21 10:26:54,400:INFO:Initializing load_model()
2023-03-21 10:26:54,401:INFO:load_model(model_name=model/model-covid, platform=None, authentication=None, verbose=True)
2023-03-21 10:39:25,214:INFO:Initializing load_model()
2023-03-21 10:39:25,216:INFO:load_model(model_name=model/model-covid, platform=None, authentication=None, verbose=True)
2023-03-21 10:42:44,468:INFO:Initializing load_model()
2023-03-21 10:42:44,470:INFO:load_model(model_name=model/model-covid, platform=None, authentication=None, verbose=True)
2023-03-21 10:43:51,724:INFO:Initializing load_model()
2023-03-21 10:43:51,725:INFO:load_model(model_name=model/model-covid, platform=None, authentication=None, verbose=True)
2023-03-21 10:44:57,883:INFO:Initializing load_model()
2023-03-21 10:44:57,884:INFO:load_model(model_name=model/model-covid, platform=None, authentication=None, verbose=True)
2023-03-21 10:45:53,950:INFO:Initializing load_model()
2023-03-21 10:45:53,952:INFO:load_model(model_name=model/model-covid, platform=None, authentication=None, verbose=True)
2023-03-21 10:48:53,291:INFO:Initializing load_model()
2023-03-21 10:48:53,292:INFO:load_model(model_name=model/model-covid, platform=None, authentication=None, verbose=True)
2023-03-21 11:10:18,394:INFO:Initializing load_model()
2023-03-21 11:10:18,396:INFO:load_model(model_name=model/model-covid, platform=None, authentication=None, verbose=True)
2023-03-21 11:13:23,156:INFO:Initializing load_model()
2023-03-21 11:13:23,157:INFO:load_model(model_name=model/model-covid, platform=None, authentication=None, verbose=True)
2023-03-21 11:14:36,395:INFO:Initializing load_model()
2023-03-21 11:14:36,397:INFO:load_model(model_name=model/model-covid, platform=None, authentication=None, verbose=True)
2023-03-21 11:31:58,409:INFO:Initializing load_model()
2023-03-21 11:31:58,410:INFO:load_model(model_name=model/model-covid, platform=None, authentication=None, verbose=True)
2023-03-21 12:33:46,189:INFO:Initializing load_model()
2023-03-21 12:33:46,191:INFO:load_model(model_name=model/model-covid-obito, platform=None, authentication=None, verbose=True)
2023-03-21 12:36:54,338:INFO:Initializing load_model()
2023-03-21 12:36:54,339:INFO:load_model(model_name=model/model-covid-obito, platform=None, authentication=None, verbose=True)
2023-03-21 12:40:14,151:INFO:Initializing load_model()
2023-03-21 12:40:14,151:INFO:load_model(model_name=model/model-covid-obito, platform=None, authentication=None, verbose=True)
2023-03-21 12:44:32,838:INFO:Initializing load_model()
2023-03-21 12:44:32,839:INFO:load_model(model_name=model/model-covid-obito, platform=None, authentication=None, verbose=True)
2023-03-21 12:47:20,816:INFO:Initializing load_model()
2023-03-21 12:47:20,817:INFO:load_model(model_name=model/model-covid-obito, platform=None, authentication=None, verbose=True)
2023-03-21 12:47:27,499:INFO:Initializing load_model()
2023-03-21 12:47:27,499:INFO:load_model(model_name=model/model-covid-uti, platform=None, authentication=None, verbose=True)
